2021-11-30 22:35:11,816:__main__:Data imported from JSON file
---------------------------------------------------------------------
2021-11-30 22:35:11,816:__main__:
Domain data:
	Domain length:	1.0
	Domain breadth:	1.0
	X divisions:	6
	Y divisions:	6
2021-11-30 22:35:11,816:__main__:
---------------------------------------------------------------------
2021-11-30 22:35:11,816:__main__:Flow properties:
2021-11-30 22:35:11,816:__main__:
u Boundary conditions:
	Left wall:	0.0
	Right wall:	0.0
	Bottom wall:	0.0
	Top wall:	1.0
2021-11-30 22:35:11,816:__main__:
v Boundary conditions:
	Left wall:	0.0
	Right wall:	0.0
	Bottom wall:	0.0
	Top wall:	0.0
2021-11-30 22:35:11,816:__main__:Reynold's number:	100
2021-11-30 22:35:11,857:__main__:Criteria for convergence:	0.001
---------------------------------------------------------------------
2021-11-30 22:35:11,857:__main__:Fluid properties:
2021-11-30 22:35:11,857:__main__:Viscosity:	1.45e-05
2021-11-30 22:35:11,857:__main__:dx Value:	0.2
2021-11-30 22:35:11,857:__main__:dy Value:	0.2
2021-11-30 22:35:11,857:__main__:Domain arrays created
---------------------------------------------------------------------
2021-11-30 22:35:11,857:__main__:U Velocity domain:
[[1. 1. 1. 1. 1. 1.]
 [0. 0. 0. 0. 0. 0.]
 [0. 0. 0. 0. 0. 0.]
 [0. 0. 0. 0. 0. 0.]
 [0. 0. 0. 0. 0. 0.]
 [0. 0. 0. 0. 0. 0.]]
2021-11-30 22:35:11,857:__main__:V Velocity domain:
[[0. 0. 0. 0. 0. 0.]
 [0. 0. 0. 0. 0. 0.]
 [0. 0. 0. 0. 0. 0.]
 [0. 0. 0. 0. 0. 0.]
 [0. 0. 0. 0. 0. 0.]
 [0. 0. 0. 0. 0. 0.]]
2021-11-30 22:35:11,857:__main__:Vorticity domain from transport equation:
[[0. 0. 0. 0. 0. 0.]
 [0. 0. 0. 0. 0. 0.]
 [0. 0. 0. 0. 0. 0.]
 [0. 0. 0. 0. 0. 0.]
 [0. 0. 0. 0. 0. 0.]
 [0. 0. 0. 0. 0. 0.]]
2021-11-30 22:35:11,857:__main__:Vorticity domain Boundary condition:
[[  0. -10. -10. -10. -10. -10.]
 [ -0.   0.   0.   0.   0.  -0.]
 [ -0.   0.   0.   0.   0.  -0.]
 [ -0.   0.   0.   0.   0.  -0.]
 [ -0.   0.   0.   0.   0.  -0.]
 [ -0.  -0.  -0.  -0.  -0.  -0.]]
2021-11-30 22:35:11,862:__main__:Stream function from poisson equation:
[[0. 0. 0. 0. 0. 0.]
 [0. 0. 0. 0. 0. 0.]
 [0. 0. 0. 0. 0. 0.]
 [0. 0. 0. 0. 0. 0.]
 [0. 0. 0. 0. 0. 0.]
 [0. 0. 0. 0. 0. 0.]]
2021-11-30 22:35:11,862:__main__:Convergence status for iteration number 1 is:
False
2021-11-30 22:35:11,862:__main__:
==============================================================================
2021-11-30 22:35:11,862:__main__:Vorticity domain from transport equation:
[[  0. -10. -10. -10. -10. -10.]
 [ -0.   0.   0.   0.   0.  -0.]
 [ -0.   0.   0.   0.   0.  -0.]
 [ -0.   0.   0.   0.   0.  -0.]
 [ -0.   0.   0.   0.   0.  -0.]
 [ -0.  -0.  -0.  -0.  -0.  -0.]]
2021-11-30 22:35:11,862:__main__:Vorticity domain Boundary condition:
[[  0. -10. -10. -10. -10. -10.]
 [ -0.   0.   0.   0.   0.  -0.]
 [ -0.   0.   0.   0.   0.  -0.]
 [ -0.   0.   0.   0.   0.  -0.]
 [ -0.   0.   0.   0.   0.  -0.]
 [ -0.  -0.  -0.  -0.  -0.  -0.]]
2021-11-30 22:35:11,862:__main__:Stream function from poisson equation:
[[0. 0. 0. 0. 0. 0.]
 [0. 0. 0. 0. 0. 0.]
 [0. 0. 0. 0. 0. 0.]
 [0. 0. 0. 0. 0. 0.]
 [0. 0. 0. 0. 0. 0.]
 [0. 0. 0. 0. 0. 0.]]
2021-11-30 22:35:11,862:__main__:Convergence status for iteration number 2 is:
False
2021-11-30 22:35:11,862:__main__:
==============================================================================
2021-11-30 22:35:11,862:__main__:Vorticity domain from transport equation:
[[  0. -10. -10. -10. -10. -10.]
 [ -0.   0.   0.   0.   0.  -0.]
 [ -0.   0.   0.   0.   0.  -0.]
 [ -0.   0.   0.   0.   0.  -0.]
 [ -0.   0.   0.   0.   0.  -0.]
 [ -0.  -0.  -0.  -0.  -0.  -0.]]
2021-11-30 22:35:11,862:__main__:Vorticity domain Boundary condition:
[[  0. -10. -10. -10. -10. -10.]
 [ -0.   0.   0.   0.   0.  -0.]
 [ -0.   0.   0.   0.   0.  -0.]
 [ -0.   0.   0.   0.   0.  -0.]
 [ -0.   0.   0.   0.   0.  -0.]
 [ -0.  -0.  -0.  -0.  -0.  -0.]]
2021-11-30 22:35:11,862:__main__:Stream function from poisson equation:
[[0. 0. 0. 0. 0. 0.]
 [0. 0. 0. 0. 0. 0.]
 [0. 0. 0. 0. 0. 0.]
 [0. 0. 0. 0. 0. 0.]
 [0. 0. 0. 0. 0. 0.]
 [0. 0. 0. 0. 0. 0.]]
2021-11-30 22:35:11,862:__main__:Convergence status for iteration number 3 is:
False
2021-11-30 22:35:11,871:__main__:
==============================================================================
2021-11-30 22:35:11,871:__main__:Vorticity domain from transport equation:
[[  0. -10. -10. -10. -10. -10.]
 [ -0.   0.   0.   0.   0.  -0.]
 [ -0.   0.   0.   0.   0.  -0.]
 [ -0.   0.   0.   0.   0.  -0.]
 [ -0.   0.   0.   0.   0.  -0.]
 [ -0.  -0.  -0.  -0.  -0.  -0.]]
2021-11-30 22:35:11,871:__main__:Vorticity domain Boundary condition:
[[  0. -10. -10. -10. -10. -10.]
 [ -0.   0.   0.   0.   0.  -0.]
 [ -0.   0.   0.   0.   0.  -0.]
 [ -0.   0.   0.   0.   0.  -0.]
 [ -0.   0.   0.   0.   0.  -0.]
 [ -0.  -0.  -0.  -0.  -0.  -0.]]
2021-11-30 22:35:11,871:__main__:Stream function from poisson equation:
[[0. 0. 0. 0. 0. 0.]
 [0. 0. 0. 0. 0. 0.]
 [0. 0. 0. 0. 0. 0.]
 [0. 0. 0. 0. 0. 0.]
 [0. 0. 0. 0. 0. 0.]
 [0. 0. 0. 0. 0. 0.]]
2021-11-30 22:35:11,871:__main__:Convergence status for iteration number 4 is:
False
2021-11-30 22:35:11,871:__main__:
==============================================================================
2021-11-30 22:35:11,871:__main__:Vorticity domain from transport equation:
[[  0. -10. -10. -10. -10. -10.]
 [ -0.   0.   0.   0.   0.  -0.]
 [ -0.   0.   0.   0.   0.  -0.]
 [ -0.   0.   0.   0.   0.  -0.]
 [ -0.   0.   0.   0.   0.  -0.]
 [ -0.  -0.  -0.  -0.  -0.  -0.]]
2021-11-30 22:35:11,871:__main__:Vorticity domain Boundary condition:
[[  0. -10. -10. -10. -10. -10.]
 [ -0.   0.   0.   0.   0.  -0.]
 [ -0.   0.   0.   0.   0.  -0.]
 [ -0.   0.   0.   0.   0.  -0.]
 [ -0.   0.   0.   0.   0.  -0.]
 [ -0.  -0.  -0.  -0.  -0.  -0.]]
2021-11-30 22:35:11,871:__main__:Stream function from poisson equation:
[[0. 0. 0. 0. 0. 0.]
 [0. 0. 0. 0. 0. 0.]
 [0. 0. 0. 0. 0. 0.]
 [0. 0. 0. 0. 0. 0.]
 [0. 0. 0. 0. 0. 0.]
 [0. 0. 0. 0. 0. 0.]]
2021-11-30 22:35:11,879:__main__:Convergence status for iteration number 5 is:
False
2021-11-30 22:35:11,879:__main__:
==============================================================================
